<?xml version="1.0" encoding="utf-8" standalone="no"?>
<!--This file represents the results of running a test suite-->
<test-results name="E:\project\PadSYNC\NhibernateUtility.Test\bin\Debug\NhibernateUtility.Test.exe" total="1" errors="0" failures="0" not-run="0" inconclusive="0" ignored="0" skipped="0" invalid="0" date="2014-12-18" time="13:41:51">
  <environment nunit-version="2.6.4.14350" clr-version="2.0.50727.5485" os-version="Microsoft Windows NT 6.1.7601 Service Pack 1" platform="Win32NT" cwd="C:\Program Files (x86)\NUnit 2.6.4\bin" machine-name="MYTHSKY-PC" user="0" user-domain="MYTHSKY-PC" />
  <culture-info current-culture="zh-CN" current-uiculture="zh-CN" />
  <test-suite type="Assembly" name="E:\project\PadSYNC\NhibernateUtility.Test\bin\Debug\NhibernateUtility.Test.exe" executed="True" result="Success" success="True" time="2.891" asserts="0">
    <results>
      <test-suite type="Namespace" name="NhibernateUtility" executed="True" result="Success" success="True" time="2.884" asserts="0">
        <results>
          <test-suite type="Namespace" name="Test" executed="True" result="Success" success="True" time="2.883" asserts="0">
            <results>
              <test-suite type="TestFixture" name="GenerateSchema_Fixture" executed="True" result="Success" success="True" time="2.882" asserts="0">
                <results>
                  <test-case name="NhibernateUtility.Test.GenerateSchema_Fixture.Can_generate_schema" executed="True" result="Success" success="True" time="2.862" asserts="0" />
                </results>
              </test-suite>
            </results>
          </test-suite>
        </results>
      </test-suite>
    </results>
  </test-suite>
</test-results>