<?xml version="1.0" encoding="utf-8" standalone="no"?>
<!--This file represents the results of running a test suite-->
<test-results name="E:\project\PadSYNC\UnitTestProject1\bin\Debug\UnitTestProject1.dll" total="1" errors="1" failures="0" not-run="0" inconclusive="0" ignored="0" skipped="0" invalid="0" date="2014-12-18" time="14:05:55">
  <environment nunit-version="2.6.4.14350" clr-version="2.0.50727.5485" os-version="Microsoft Windows NT 6.1.7601 Service Pack 1" platform="Win32NT" cwd="E:\project\PadSYNC\UnitTestProject1\bin\Debug" machine-name="MYTHSKY-PC" user="0" user-domain="MYTHSKY-PC" />
  <culture-info current-culture="zh-CN" current-uiculture="zh-CN" />
  <test-suite type="Assembly" name="E:\project\PadSYNC\UnitTestProject1\bin\Debug\UnitTestProject1.dll" executed="True" result="Failure" success="False" time="2.368" asserts="0">
    <results>
      <test-suite type="Namespace" name="UnitTestProject1" executed="True" result="Failure" success="False" time="2.361" asserts="0">
        <results>
          <test-suite type="TestFixture" name="UnitTest1" executed="True" result="Failure" success="False" time="2.360" asserts="0">
            <results>
              <test-case name="UnitTestProject1.UnitTest1.UpdateTest" executed="True" result="Error" success="False" time="2.343" asserts="0">
                <failure>
                  <message><![CDATA[NHibernate.StaleStateException : Batch update returned unexpected row count from update; actual row count: 0; expected: 1]]></message>
                  <stack-trace><![CDATA[在 UnitTestProject1.UnitTest1.UpdateTest() 位置 e:\project\PadSYNC\UnitTestProject1\UnitTest1.cs:行号 124
]]></stack-trace>
                </failure>
              </test-case>
            </results>
          </test-suite>
        </results>
      </test-suite>
    </results>
  </test-suite>
</test-results>